f:\documents\onedrive - staffordshire university\university work\igt - project\igt - project\igt - project\debug\vc141.pdb
f:\documents\onedrive - staffordshire university\university work\igt - project\igt - project\igt - project\debug\vc141.idb
f:\documents\onedrive - staffordshire university\university work\igt - project\igt - project\igt - project\debug\main.obj
f:\documents\onedrive - staffordshire university\university work\igt - project\igt - project\igt - project\debug\gamescreen.obj
f:\documents\onedrive - staffordshire university\university work\igt - project\igt - project\igt - project\debug\gamescreenmanager.obj
f:\documents\onedrive - staffordshire university\university work\igt - project\igt - project\igt - project\debug\gamescreenmenu.obj
f:\documents\onedrive - staffordshire university\university work\igt - project\igt - project\igt - project\debug\textrender.obj
f:\documents\onedrive - staffordshire university\university work\igt - project\igt - project\igt - project\debug\soundmanager.obj
f:\documents\onedrive - staffordshire university\university work\igt - project\igt - project\igt - project\debug\gameobject.obj
f:\documents\onedrive - staffordshire university\university work\igt - project\igt - project\igt - project\debug\playercontroller.obj
f:\documents\onedrive - staffordshire university\university work\igt - project\igt - project\igt - project\debug\texturemanager.obj
f:\documents\onedrive - staffordshire university\university work\igt - project\igt - project\igt - project\debug\texture2d.obj
f:\documents\onedrive - staffordshire university\university work\igt - project\igt - project\igt - project\debug\sprite.obj
f:\documents\onedrive - staffordshire university\university work\igt - project\igt - project\igt - project\debug\shaderloader.obj
f:\documents\onedrive - staffordshire university\university work\igt - project\igt - project\igt - project\debug\matrix.obj
f:\documents\onedrive - staffordshire university\university work\igt - project\igt - project\igt - project\debug\shader.obj
f:\documents\onedrive - staffordshire university\university work\igt - project\igt - project\igt - project\debug\camera.obj
f:\documents\onedrive - staffordshire university\university work\igt - project\igt - project\igt - project\debug\mesh.obj
f:\documents\onedrive - staffordshire university\university work\igt - project\igt - project\debug\igt - project.exe
f:\documents\onedrive - staffordshire university\university work\igt - project\igt - project\debug\igt - project.ilk
f:\documents\onedrive - staffordshire university\university work\igt - project\igt - project\debug\igt - project.pdb
f:\documents\onedrive - staffordshire university\university work\igt - project\igt - project\igt - project\debug\igt - project.res
f:\documents\onedrive - staffordshire university\university work\igt - project\igt - project\igt - project\debug\igt - project.tlog\cl.command.1.tlog
f:\documents\onedrive - staffordshire university\university work\igt - project\igt - project\igt - project\debug\igt - project.tlog\cl.read.1.tlog
f:\documents\onedrive - staffordshire university\university work\igt - project\igt - project\igt - project\debug\igt - project.tlog\cl.write.1.tlog
f:\documents\onedrive - staffordshire university\university work\igt - project\igt - project\igt - project\debug\igt - project.tlog\link.command.1.tlog
f:\documents\onedrive - staffordshire university\university work\igt - project\igt - project\igt - project\debug\igt - project.tlog\link.read.1.tlog
f:\documents\onedrive - staffordshire university\university work\igt - project\igt - project\igt - project\debug\igt - project.tlog\link.write.1.tlog
f:\documents\onedrive - staffordshire university\university work\igt - project\igt - project\igt - project\debug\igt - project.tlog\rc.command.1.tlog
f:\documents\onedrive - staffordshire university\university work\igt - project\igt - project\igt - project\debug\igt - project.tlog\rc.read.1.tlog
f:\documents\onedrive - staffordshire university\university work\igt - project\igt - project\igt - project\debug\igt - project.tlog\rc.write.1.tlog
